# project  configured on Fri Sep 11 18:01:55 2015 by
# waf 1.7.11 (abi 98, python 20709f0 on linux2)
# using /home/ubuntu/pebble-dev/PebbleSDK-3.3/Pebble/waf configure
#
----------------------------------------
Setting top to
/home/ubuntu/prototype
----------------------------------------
Setting out to
/home/ubuntu/prototype/build
----------------------------------------
Found Pebble SDK for basalt in:
/home/ubuntu/pebble-dev/PebbleSDK-3.3/Pebble/basalt
----------------------------------------
Checking for program gcc,cc
arm-none-eabi-gcc
find program=['gcc', 'cc'] paths='' var='CC' -> 'arm-none-eabi-gcc'
----------------------------------------
Checking for program ar
arm-none-eabi-ar
find program=['ar'] paths='' var='AR' -> 'arm-none-eabi-ar'
